<?xml version="1.0" encoding="UTF-8"?>
<!-- Generated by org.testng.reporters.JUnitReportReporter -->
<testsuite hostname="GarvitDevice" failures="0" tests="1" name="com.dotKonnekt.tests.SearchPageTest" time="13.121" errors="0" timestamp="2023-05-26T16:05:44 IST" skipped="0">
  <testcase classname="com.dotKonnekt.tests.SearchPageTest" name="SearchPage_validateFilterFunctionality" time="13.121"/>
  <system-out/>
</testsuite> <!-- com.dotKonnekt.tests.SearchPageTest -->
