<?xml version="1.0" encoding="UTF-8"?>
<!-- Generated by org.testng.reporters.JUnitReportReporter -->
<testsuite hostname="GarvitDevice" failures="0" tests="3" name="com.dotKonnekt.tests.HomePageTest" time="6.133" errors="0" timestamp="2023-05-17T15:18:40 IST" skipped="2">
  <testcase classname="com.dotKonnekt.tests.HomePageTest" name="TitleVerification" time="6.133"/>
  <system-out/>
  <testcase classname="com.dotKonnekt.tests.HomePageTest" name="HomePage_endToEndGuestScenarioByClickingProductTileLoggedIn">
    <skipped/>
  </testcase> <!-- HomePage_endToEndGuestScenarioByClickingProductTileLoggedIn -->
  <system-out/>
  <testcase classname="com.dotKonnekt.tests.HomePageTest" name="HomePage_endToEndGuestScenarioByClickingProductCartIconLoggedUSer">
    <skipped/>
  </testcase> <!-- HomePage_endToEndGuestScenarioByClickingProductCartIconLoggedUSer -->
  <system-out/>
</testsuite> <!-- com.dotKonnekt.tests.HomePageTest -->
